The system is: Linux - 4.4.88-gda039c93611c - aarch64
Compiling the C compiler identification source file "CMakeCCompilerId.c" succeeded.
Compiler: /data/data/com.termux/files/usr/bin/cc 
Build flags: 
Id flags:  

The output was:
0


Compilation of the C compiler identification source "CMakeCCompilerId.c" produced "a.out"

The C compiler identification is Clang, found in "/data/data/com.termux/files/home/xmrig/build/CMakeFiles/3.11.1/CompilerIdC/a.out"

Compiling the CXX compiler identification source file "CMakeCXXCompilerId.cpp" succeeded.
Compiler: /data/data/com.termux/files/usr/bin/c++ 
Build flags: 
Id flags:  

The output was:
0


Compilation of the CXX compiler identification source "CMakeCXXCompilerId.cpp" produced "a.out"

The CXX compiler identification is Clang, found in "/data/data/com.termux/files/home/xmrig/build/CMakeFiles/3.11.1/CompilerIdCXX/a.out"

Determining if the C compiler works passed with the following output:
Change Dir: /data/data/com.termux/files/home/xmrig/build/CMakeFiles/CMakeTmp

Run Build Command:"/data/data/com.termux/files/usr/bin/make" "cmTC_777f3/fast"
/data/data/com.termux/files/usr/bin/make -f CMakeFiles/cmTC_777f3.dir/build.make CMakeFiles/cmTC_777f3.dir/build
make[1]: Entering directory '/data/data/com.termux/files/home/xmrig/build/CMakeFiles/CMakeTmp'
Building C object CMakeFiles/cmTC_777f3.dir/testCCompiler.c.o
/data/data/com.termux/files/usr/bin/cc    -o CMakeFiles/cmTC_777f3.dir/testCCompiler.c.o   -c /data/data/com.termux/files/home/xmrig/build/CMakeFiles/CMakeTmp/testCCompiler.c
Linking C executable cmTC_777f3
/data/data/com.termux/files/usr/bin/cmake -E cmake_link_script CMakeFiles/cmTC_777f3.dir/link.txt --verbose=1
/data/data/com.termux/files/usr/bin/cc      -rdynamic CMakeFiles/cmTC_777f3.dir/testCCompiler.c.o  -o cmTC_777f3 
make[1]: Leaving directory '/data/data/com.termux/files/home/xmrig/build/CMakeFiles/CMakeTmp'


Detecting C compiler ABI info compiled with the following output:
Change Dir: /data/data/com.termux/files/home/xmrig/build/CMakeFiles/CMakeTmp

Run Build Command:"/data/data/com.termux/files/usr/bin/make" "cmTC_89caa/fast"
/data/data/com.termux/files/usr/bin/make -f CMakeFiles/cmTC_89caa.dir/build.make CMakeFiles/cmTC_89caa.dir/build
make[1]: Entering directory '/data/data/com.termux/files/home/xmrig/build/CMakeFiles/CMakeTmp'
Building C object CMakeFiles/cmTC_89caa.dir/CMakeCCompilerABI.c.o
/data/data/com.termux/files/usr/bin/cc    -o CMakeFiles/cmTC_89caa.dir/CMakeCCompilerABI.c.o   -c /data/data/com.termux/files/usr/share/cmake-3.11/Modules/CMakeCCompilerABI.c
Linking C executable cmTC_89caa
/data/data/com.termux/files/usr/bin/cmake -E cmake_link_script CMakeFiles/cmTC_89caa.dir/link.txt --verbose=1
/data/data/com.termux/files/usr/bin/cc     -v -rdynamic CMakeFiles/cmTC_89caa.dir/CMakeCCompilerABI.c.o  -o cmTC_89caa 
clang version 6.0.0 (tags/RELEASE_600/final)
Target: aarch64--linux-android
Thread model: posix
InstalledDir: /data/data/com.termux/files/usr/bin
 "/data/data/com.termux/files/usr/bin/ld" -pie -export-dynamic --fix-cortex-a53-843419 --enable-new-dtags --eh-frame-hdr -m aarch64linux -export-dynamic -dynamic-linker /system/bin/linker64 -o cmTC_89caa /data/data/com.termux/files/usr/bin/../lib/crtbegin_dynamic.o -L/data/data/com.termux/files/usr/bin/../lib CMakeFiles/cmTC_89caa.dir/CMakeCCompilerABI.c.o -lgcc -ldl -lc -lgcc -ldl /data/data/com.termux/files/usr/bin/../lib/crtend_android.o
make[1]: Leaving directory '/data/data/com.termux/files/home/xmrig/build/CMakeFiles/CMakeTmp'


Parsed C implicit link information from above output:
  link line regex: [^( *|.*[/\])(ld|CMAKE_LINK_STARTFILE-NOTFOUND|([^/\]+-)?ld|collect2)[^/\]*( |$)]
  ignore line: [Change Dir: /data/data/com.termux/files/home/xmrig/build/CMakeFiles/CMakeTmp]
  ignore line: []
  ignore line: [Run Build Command:"/data/data/com.termux/files/usr/bin/make" "cmTC_89caa/fast"]
  ignore line: [/data/data/com.termux/files/usr/bin/make -f CMakeFiles/cmTC_89caa.dir/build.make CMakeFiles/cmTC_89caa.dir/build]
  ignore line: [make[1]: Entering directory '/data/data/com.termux/files/home/xmrig/build/CMakeFiles/CMakeTmp']
  ignore line: [Building C object CMakeFiles/cmTC_89caa.dir/CMakeCCompilerABI.c.o]
  ignore line: [/data/data/com.termux/files/usr/bin/cc    -o CMakeFiles/cmTC_89caa.dir/CMakeCCompilerABI.c.o   -c /data/data/com.termux/files/usr/share/cmake-3.11/Modules/CMakeCCompilerABI.c]
  ignore line: [Linking C executable cmTC_89caa]
  ignore line: [/data/data/com.termux/files/usr/bin/cmake -E cmake_link_script CMakeFiles/cmTC_89caa.dir/link.txt --verbose=1]
  ignore line: [/data/data/com.termux/files/usr/bin/cc     -v -rdynamic CMakeFiles/cmTC_89caa.dir/CMakeCCompilerABI.c.o  -o cmTC_89caa ]
  ignore line: [clang version 6.0.0 (tags/RELEASE_600/final)]
  ignore line: [Target: aarch64--linux-android]
  ignore line: [Thread model: posix]
  ignore line: [InstalledDir: /data/data/com.termux/files/usr/bin]
  link line: [ "/data/data/com.termux/files/usr/bin/ld" -pie -export-dynamic --fix-cortex-a53-843419 --enable-new-dtags --eh-frame-hdr -m aarch64linux -export-dynamic -dynamic-linker /system/bin/linker64 -o cmTC_89caa /data/data/com.termux/files/usr/bin/../lib/crtbegin_dynamic.o -L/data/data/com.termux/files/usr/bin/../lib CMakeFiles/cmTC_89caa.dir/CMakeCCompilerABI.c.o -lgcc -ldl -lc -lgcc -ldl /data/data/com.termux/files/usr/bin/../lib/crtend_android.o]
    arg [/data/data/com.termux/files/usr/bin/ld] ==> ignore
    arg [-pie] ==> ignore
    arg [-export-dynamic] ==> ignore
    arg [--fix-cortex-a53-843419] ==> ignore
    arg [--enable-new-dtags] ==> ignore
    arg [--eh-frame-hdr] ==> ignore
    arg [-m] ==> ignore
    arg [aarch64linux] ==> ignore
    arg [-export-dynamic] ==> ignore
    arg [-dynamic-linker] ==> ignore
    arg [/system/bin/linker64] ==> ignore
    arg [-o] ==> ignore
    arg [cmTC_89caa] ==> ignore
    arg [/data/data/com.termux/files/usr/bin/../lib/crtbegin_dynamic.o] ==> ignore
    arg [-L/data/data/com.termux/files/usr/bin/../lib] ==> dir [/data/data/com.termux/files/usr/bin/../lib]
    arg [CMakeFiles/cmTC_89caa.dir/CMakeCCompilerABI.c.o] ==> ignore
    arg [-lgcc] ==> lib [gcc]
    arg [-ldl] ==> lib [dl]
    arg [-lc] ==> lib [c]
    arg [-lgcc] ==> lib [gcc]
    arg [-ldl] ==> lib [dl]
    arg [/data/data/com.termux/files/usr/bin/../lib/crtend_android.o] ==> ignore
  collapse library dir [/data/data/com.termux/files/usr/bin/../lib] ==> [/data/data/com.termux/files/usr/lib]
  implicit libs: [gcc;dl;c;gcc;dl]
  implicit dirs: [/data/data/com.termux/files/usr/lib]
  implicit fwks: []




Detecting C [-std=c11] compiler features compiled with the following output:
Change Dir: /data/data/com.termux/files/home/xmrig/build/CMakeFiles/CMakeTmp

Run Build Command:"/data/data/com.termux/files/usr/bin/make" "cmTC_a7b16/fast"
/data/data/com.termux/files/usr/bin/make -f CMakeFiles/cmTC_a7b16.dir/build.make CMakeFiles/cmTC_a7b16.dir/build
make[1]: Entering directory '/data/data/com.termux/files/home/xmrig/build/CMakeFiles/CMakeTmp'
Building C object CMakeFiles/cmTC_a7b16.dir/feature_tests.c.o
/data/data/com.termux/files/usr/bin/cc   -std=c11 -o CMakeFiles/cmTC_a7b16.dir/feature_tests.c.o   -c /data/data/com.termux/files/home/xmrig/build/CMakeFiles/feature_tests.c
Linking C executable cmTC_a7b16
/data/data/com.termux/files/usr/bin/cmake -E cmake_link_script CMakeFiles/cmTC_a7b16.dir/link.txt --verbose=1
/data/data/com.termux/files/usr/bin/cc      -rdynamic CMakeFiles/cmTC_a7b16.dir/feature_tests.c.o  -o cmTC_a7b16 
make[1]: Leaving directory '/data/data/com.termux/files/home/xmrig/build/CMakeFiles/CMakeTmp'


    Feature record: C_FEATURE:1c_function_prototypes
    Feature record: C_FEATURE:1c_restrict
    Feature record: C_FEATURE:1c_static_assert
    Feature record: C_FEATURE:1c_variadic_macros


Detecting C [-std=c99] compiler features compiled with the following output:
Change Dir: /data/data/com.termux/files/home/xmrig/build/CMakeFiles/CMakeTmp

Run Build Command:"/data/data/com.termux/files/usr/bin/make" "cmTC_14944/fast"
/data/data/com.termux/files/usr/bin/make -f CMakeFiles/cmTC_14944.dir/build.make CMakeFiles/cmTC_14944.dir/build
make[1]: Entering directory '/data/data/com.termux/files/home/xmrig/build/CMakeFiles/CMakeTmp'
Building C object CMakeFiles/cmTC_14944.dir/feature_tests.c.o
/data/data/com.termux/files/usr/bin/cc   -std=c99 -o CMakeFiles/cmTC_14944.dir/feature_tests.c.o   -c /data/data/com.termux/files/home/xmrig/build/CMakeFiles/feature_tests.c
Linking C executable cmTC_14944
/data/data/com.termux/files/usr/bin/cmake -E cmake_link_script CMakeFiles/cmTC_14944.dir/link.txt --verbose=1
/data/data/com.termux/files/usr/bin/cc      -rdynamic CMakeFiles/cmTC_14944.dir/feature_tests.c.o  -o cmTC_14944 
make[1]: Leaving directory '/data/data/com.termux/files/home/xmrig/build/CMakeFiles/CMakeTmp'


    Feature record: C_FEATURE:1c_function_prototypes
    Feature record: C_FEATURE:1c_restrict
    Feature record: C_FEATURE:0c_static_assert
    Feature record: C_FEATURE:1c_variadic_macros


Detecting C [-std=c90] compiler features compiled with the following output:
Change Dir: /data/data/com.termux/files/home/xmrig/build/CMakeFiles/CMakeTmp

Run Build Command:"/data/data/com.termux/files/usr/bin/make" "cmTC_ebd5e/fast"
/data/data/com.termux/files/usr/bin/make -f CMakeFiles/cmTC_ebd5e.dir/build.make CMakeFiles/cmTC_ebd5e.dir/build
make[1]: Entering directory '/data/data/com.termux/files/home/xmrig/build/CMakeFiles/CMakeTmp'
Building C object CMakeFiles/cmTC_ebd5e.dir/feature_tests.c.o
/data/data/com.termux/files/usr/bin/cc   -std=c90 -o CMakeFiles/cmTC_ebd5e.dir/feature_tests.c.o   -c /data/data/com.termux/files/home/xmrig/build/CMakeFiles/feature_tests.c
Linking C executable cmTC_ebd5e
/data/data/com.termux/files/usr/bin/cmake -E cmake_link_script CMakeFiles/cmTC_ebd5e.dir/link.txt --verbose=1
/data/data/com.termux/files/usr/bin/cc      -rdynamic CMakeFiles/cmTC_ebd5e.dir/feature_tests.c.o  -o cmTC_ebd5e 
make[1]: Leaving directory '/data/data/com.termux/files/home/xmrig/build/CMakeFiles/CMakeTmp'


    Feature record: C_FEATURE:1c_function_prototypes
    Feature record: C_FEATURE:0c_restrict
    Feature record: C_FEATURE:0c_static_assert
    Feature record: C_FEATURE:0c_variadic_macros
Determining if the CXX compiler works passed with the following output:
Change Dir: /data/data/com.termux/files/home/xmrig/build/CMakeFiles/CMakeTmp

Run Build Command:"/data/data/com.termux/files/usr/bin/make" "cmTC_03534/fast"
/data/data/com.termux/files/usr/bin/make -f CMakeFiles/cmTC_03534.dir/build.make CMakeFiles/cmTC_03534.dir/build
make[1]: Entering directory '/data/data/com.termux/files/home/xmrig/build/CMakeFiles/CMakeTmp'
Building CXX object CMakeFiles/cmTC_03534.dir/testCXXCompiler.cxx.o
/data/data/com.termux/files/usr/bin/c++     -o CMakeFiles/cmTC_03534.dir/testCXXCompiler.cxx.o -c /data/data/com.termux/files/home/xmrig/build/CMakeFiles/CMakeTmp/testCXXCompiler.cxx
Linking CXX executable cmTC_03534
/data/data/com.termux/files/usr/bin/cmake -E cmake_link_script CMakeFiles/cmTC_03534.dir/link.txt --verbose=1
/data/data/com.termux/files/usr/bin/c++       -rdynamic CMakeFiles/cmTC_03534.dir/testCXXCompiler.cxx.o  -o cmTC_03534 
make[1]: Leaving directory '/data/data/com.termux/files/home/xmrig/build/CMakeFiles/CMakeTmp'


Detecting CXX compiler ABI info compiled with the following output:
Change Dir: /data/data/com.termux/files/home/xmrig/build/CMakeFiles/CMakeTmp

Run Build Command:"/data/data/com.termux/files/usr/bin/make" "cmTC_2df59/fast"
/data/data/com.termux/files/usr/bin/make -f CMakeFiles/cmTC_2df59.dir/build.make CMakeFiles/cmTC_2df59.dir/build
make[1]: Entering directory '/data/data/com.termux/files/home/xmrig/build/CMakeFiles/CMakeTmp'
Building CXX object CMakeFiles/cmTC_2df59.dir/CMakeCXXCompilerABI.cpp.o
/data/data/com.termux/files/usr/bin/c++     -o CMakeFiles/cmTC_2df59.dir/CMakeCXXCompilerABI.cpp.o -c /data/data/com.termux/files/usr/share/cmake-3.11/Modules/CMakeCXXCompilerABI.cpp
Linking CXX executable cmTC_2df59
/data/data/com.termux/files/usr/bin/cmake -E cmake_link_script CMakeFiles/cmTC_2df59.dir/link.txt --verbose=1
/data/data/com.termux/files/usr/bin/c++      -v -rdynamic CMakeFiles/cmTC_2df59.dir/CMakeCXXCompilerABI.cpp.o  -o cmTC_2df59 
clang version 6.0.0 (tags/RELEASE_600/final)
Target: aarch64--linux-android
Thread model: posix
InstalledDir: /data/data/com.termux/files/usr/bin
 "/data/data/com.termux/files/usr/bin/ld" -pie -export-dynamic --fix-cortex-a53-843419 --enable-new-dtags --eh-frame-hdr -m aarch64linux -export-dynamic -dynamic-linker /system/bin/linker64 -o cmTC_2df59 /data/data/com.termux/files/usr/bin/../lib/crtbegin_dynamic.o -L/data/data/com.termux/files/usr/bin/../lib CMakeFiles/cmTC_2df59.dir/CMakeCXXCompilerABI.cpp.o -lc++_shared -lm -lgcc -lgcc -ldl -lc -lgcc -lgcc -ldl /data/data/com.termux/files/usr/bin/../lib/crtend_android.o
make[1]: Leaving directory '/data/data/com.termux/files/home/xmrig/build/CMakeFiles/CMakeTmp'


Parsed CXX implicit link information from above output:
  link line regex: [^( *|.*[/\])(ld|CMAKE_LINK_STARTFILE-NOTFOUND|([^/\]+-)?ld|collect2)[^/\]*( |$)]
  ignore line: [Change Dir: /data/data/com.termux/files/home/xmrig/build/CMakeFiles/CMakeTmp]
  ignore line: []
  ignore line: [Run Build Command:"/data/data/com.termux/files/usr/bin/make" "cmTC_2df59/fast"]
  ignore line: [/data/data/com.termux/files/usr/bin/make -f CMakeFiles/cmTC_2df59.dir/build.make CMakeFiles/cmTC_2df59.dir/build]
  ignore line: [make[1]: Entering directory '/data/data/com.termux/files/home/xmrig/build/CMakeFiles/CMakeTmp']
  ignore line: [Building CXX object CMakeFiles/cmTC_2df59.dir/CMakeCXXCompilerABI.cpp.o]
  ignore line: [/data/data/com.termux/files/usr/bin/c++     -o CMakeFiles/cmTC_2df59.dir/CMakeCXXCompilerABI.cpp.o -c /data/data/com.termux/files/usr/share/cmake-3.11/Modules/CMakeCXXCompilerABI.cpp]
  ignore line: [Linking CXX executable cmTC_2df59]
  ignore line: [/data/data/com.termux/files/usr/bin/cmake -E cmake_link_script CMakeFiles/cmTC_2df59.dir/link.txt --verbose=1]
  ignore line: [/data/data/com.termux/files/usr/bin/c++      -v -rdynamic CMakeFiles/cmTC_2df59.dir/CMakeCXXCompilerABI.cpp.o  -o cmTC_2df59 ]
  ignore line: [clang version 6.0.0 (tags/RELEASE_600/final)]
  ignore line: [Target: aarch64--linux-android]
  ignore line: [Thread model: posix]
  ignore line: [InstalledDir: /data/data/com.termux/files/usr/bin]
  link line: [ "/data/data/com.termux/files/usr/bin/ld" -pie -export-dynamic --fix-cortex-a53-843419 --enable-new-dtags --eh-frame-hdr -m aarch64linux -export-dynamic -dynamic-linker /system/bin/linker64 -o cmTC_2df59 /data/data/com.termux/files/usr/bin/../lib/crtbegin_dynamic.o -L/data/data/com.termux/files/usr/bin/../lib CMakeFiles/cmTC_2df59.dir/CMakeCXXCompilerABI.cpp.o -lc++_shared -lm -lgcc -lgcc -ldl -lc -lgcc -lgcc -ldl /data/data/com.termux/files/usr/bin/../lib/crtend_android.o]
    arg [/data/data/com.termux/files/usr/bin/ld] ==> ignore
    arg [-pie] ==> ignore
    arg [-export-dynamic] ==> ignore
    arg [--fix-cortex-a53-843419] ==> ignore
    arg [--enable-new-dtags] ==> ignore
    arg [--eh-frame-hdr] ==> ignore
    arg [-m] ==> ignore
    arg [aarch64linux] ==> ignore
    arg [-export-dynamic] ==> ignore
    arg [-dynamic-linker] ==> ignore
    arg [/system/bin/linker64] ==> ignore
    arg [-o] ==> ignore
    arg [cmTC_2df59] ==> ignore
    arg [/data/data/com.termux/files/usr/bin/../lib/crtbegin_dynamic.o] ==> ignore
    arg [-L/data/data/com.termux/files/usr/bin/../lib] ==> dir [/data/data/com.termux/files/usr/bin/../lib]
    arg [CMakeFiles/cmTC_2df59.dir/CMakeCXXCompilerABI.cpp.o] ==> ignore
    arg [-lc++_shared] ==> lib [c++_shared]
    arg [-lm] ==> lib [m]
    arg [-lgcc] ==> lib [gcc]
    arg [-lgcc] ==> lib [gcc]
    arg [-ldl] ==> lib [dl]
    arg [-lc] ==> lib [c]
    arg [-lgcc] ==> lib [gcc]
    arg [-lgcc] ==> lib [gcc]
    arg [-ldl] ==> lib [dl]
    arg [/data/data/com.termux/files/usr/bin/../lib/crtend_android.o] ==> ignore
  collapse library dir [/data/data/com.termux/files/usr/bin/../lib] ==> [/data/data/com.termux/files/usr/lib]
  implicit libs: [c++_shared;m;gcc;gcc;dl;c;gcc;gcc;dl]
  implicit dirs: [/data/data/com.termux/files/usr/lib]
  implicit fwks: []




Detecting CXX [-std=c++1z] compiler features compiled with the following output:
Change Dir: /data/data/com.termux/files/home/xmrig/build/CMakeFiles/CMakeTmp

Run Build Command:"/data/data/com.termux/files/usr/bin/make" "cmTC_40657/fast"
/data/data/com.termux/files/usr/bin/make -f CMakeFiles/cmTC_40657.dir/build.make CMakeFiles/cmTC_40657.dir/build
make[1]: Entering directory '/data/data/com.termux/files/home/xmrig/build/CMakeFiles/CMakeTmp'
Building CXX object CMakeFiles/cmTC_40657.dir/feature_tests.cxx.o
/data/data/com.termux/files/usr/bin/c++    -std=c++1z -o CMakeFiles/cmTC_40657.dir/feature_tests.cxx.o -c /data/data/com.termux/files/home/xmrig/build/CMakeFiles/feature_tests.cxx
Linking CXX executable cmTC_40657
/data/data/com.termux/files/usr/bin/cmake -E cmake_link_script CMakeFiles/cmTC_40657.dir/link.txt --verbose=1
/data/data/com.termux/files/usr/bin/c++       -rdynamic CMakeFiles/cmTC_40657.dir/feature_tests.cxx.o  -o cmTC_40657 
make[1]: Leaving directory '/data/data/com.termux/files/home/xmrig/build/CMakeFiles/CMakeTmp'


    Feature record: CXX_FEATURE:1cxx_aggregate_default_initializers
    Feature record: CXX_FEATURE:1cxx_alias_templates
    Feature record: CXX_FEATURE:1cxx_alignas
    Feature record: CXX_FEATURE:1cxx_alignof
    Feature record: CXX_FEATURE:1cxx_attributes
    Feature record: CXX_FEATURE:1cxx_attribute_deprecated
    Feature record: CXX_FEATURE:1cxx_auto_type
    Feature record: CXX_FEATURE:1cxx_binary_literals
    Feature record: CXX_FEATURE:1cxx_constexpr
    Feature record: CXX_FEATURE:1cxx_contextual_conversions
    Feature record: CXX_FEATURE:1cxx_decltype
    Feature record: CXX_FEATURE:1cxx_decltype_auto
    Feature record: CXX_FEATURE:1cxx_decltype_incomplete_return_types
    Feature record: CXX_FEATURE:1cxx_default_function_template_args
    Feature record: CXX_FEATURE:1cxx_defaulted_functions
    Feature record: CXX_FEATURE:1cxx_defaulted_move_initializers
    Feature record: CXX_FEATURE:1cxx_delegating_constructors
    Feature record: CXX_FEATURE:1cxx_deleted_functions
    Feature record: CXX_FEATURE:1cxx_digit_separators
    Feature record: CXX_FEATURE:1cxx_enum_forward_declarations
    Feature record: CXX_FEATURE:1cxx_explicit_conversions
    Feature record: CXX_FEATURE:1cxx_extended_friend_declarations
    Feature record: CXX_FEATURE:1cxx_extern_templates
    Feature record: CXX_FEATURE:1cxx_final
    Feature record: CXX_FEATURE:1cxx_func_identifier
    Feature record: CXX_FEATURE:1cxx_generalized_initializers
    Feature record: CXX_FEATURE:1cxx_generic_lambdas
    Feature record: CXX_FEATURE:1cxx_inheriting_constructors
    Feature record: CXX_FEATURE:1cxx_inline_namespaces
    Feature record: CXX_FEATURE:1cxx_lambdas
    Feature record: CXX_FEATURE:1cxx_lambda_init_captures
    Feature record: CXX_FEATURE:1cxx_local_type_template_args
    Feature record: CXX_FEATURE:1cxx_long_long_type
    Feature record: CXX_FEATURE:1cxx_noexcept
    Feature record: CXX_FEATURE:1cxx_nonstatic_member_init
    Feature record: CXX_FEATURE:1cxx_nullptr
    Feature record: CXX_FEATURE:1cxx_override
    Feature record: CXX_FEATURE:1cxx_range_for
    Feature record: CXX_FEATURE:1cxx_raw_string_literals
    Feature record: CXX_FEATURE:1cxx_reference_qualified_functions
    Feature record: CXX_FEATURE:1cxx_relaxed_constexpr
    Feature record: CXX_FEATURE:1cxx_return_type_deduction
    Feature record: CXX_FEATURE:1cxx_right_angle_brackets
    Feature record: CXX_FEATURE:1cxx_rvalue_references
    Feature record: CXX_FEATURE:1cxx_sizeof_member
    Feature record: CXX_FEATURE:1cxx_static_assert
    Feature record: CXX_FEATURE:1cxx_strong_enums
    Feature record: CXX_FEATURE:1cxx_template_template_parameters
    Feature record: CXX_FEATURE:1cxx_thread_local
    Feature record: CXX_FEATURE:1cxx_trailing_return_types
    Feature record: CXX_FEATURE:1cxx_unicode_literals
    Feature record: CXX_FEATURE:1cxx_uniform_initialization
    Feature record: CXX_FEATURE:1cxx_unrestricted_unions
    Feature record: CXX_FEATURE:1cxx_user_literals
    Feature record: CXX_FEATURE:1cxx_variable_templates
    Feature record: CXX_FEATURE:1cxx_variadic_macros
    Feature record: CXX_FEATURE:1cxx_variadic_templates


Detecting CXX [-std=c++14] compiler features compiled with the following output:
Change Dir: /data/data/com.termux/files/home/xmrig/build/CMakeFiles/CMakeTmp

Run Build Command:"/data/data/com.termux/files/usr/bin/make" "cmTC_e94ca/fast"
/data/data/com.termux/files/usr/bin/make -f CMakeFiles/cmTC_e94ca.dir/build.make CMakeFiles/cmTC_e94ca.dir/build
make[1]: Entering directory '/data/data/com.termux/files/home/xmrig/build/CMakeFiles/CMakeTmp'
Building CXX object CMakeFiles/cmTC_e94ca.dir/feature_tests.cxx.o
/data/data/com.termux/files/usr/bin/c++    -std=c++14 -o CMakeFiles/cmTC_e94ca.dir/feature_tests.cxx.o -c /data/data/com.termux/files/home/xmrig/build/CMakeFiles/feature_tests.cxx
Linking CXX executable cmTC_e94ca
/data/data/com.termux/files/usr/bin/cmake -E cmake_link_script CMakeFiles/cmTC_e94ca.dir/link.txt --verbose=1
/data/data/com.termux/files/usr/bin/c++       -rdynamic CMakeFiles/cmTC_e94ca.dir/feature_tests.cxx.o  -o cmTC_e94ca 
make[1]: Leaving directory '/data/data/com.termux/files/home/xmrig/build/CMakeFiles/CMakeTmp'


    Feature record: CXX_FEATURE:1cxx_aggregate_default_initializers
    Feature record: CXX_FEATURE:1cxx_alias_templates
    Feature record: CXX_FEATURE:1cxx_alignas
    Feature record: CXX_FEATURE:1cxx_alignof
    Feature record: CXX_FEATURE:1cxx_attributes
    Feature record: CXX_FEATURE:1cxx_attribute_deprecated
    Feature record: CXX_FEATURE:1cxx_auto_type
    Feature record: CXX_FEATURE:1cxx_binary_literals
    Feature record: CXX_FEATURE:1cxx_constexpr
    Feature record: CXX_FEATURE:1cxx_contextual_conversions
    Feature record: CXX_FEATURE:1cxx_decltype
    Feature record: CXX_FEATURE:1cxx_decltype_auto
    Feature record: CXX_FEATURE:1cxx_decltype_incomplete_return_types
    Feature record: CXX_FEATURE:1cxx_default_function_template_args
    Feature record: CXX_FEATURE:1cxx_defaulted_functions
    Feature record: CXX_FEATURE:1cxx_defaulted_move_initializers
    Feature record: CXX_FEATURE:1cxx_delegating_constructors
    Feature record: CXX_FEATURE:1cxx_deleted_functions
    Feature record: CXX_FEATURE:1cxx_digit_separators
    Feature record: CXX_FEATURE:1cxx_enum_forward_declarations
    Feature record: CXX_FEATURE:1cxx_explicit_conversions
    Feature record: CXX_FEATURE:1cxx_extended_friend_declarations
    Feature record: CXX_FEATURE:1cxx_extern_templates
    Feature record: CXX_FEATURE:1cxx_final
    Feature record: CXX_FEATURE:1cxx_func_identifier
    Feature record: CXX_FEATURE:1cxx_generalized_initializers
    Feature record: CXX_FEATURE:1cxx_generic_lambdas
    Feature record: CXX_FEATURE:1cxx_inheriting_constructors
    Feature record: CXX_FEATURE:1cxx_inline_namespaces
    Feature record: CXX_FEATURE:1cxx_lambdas
    Feature record: CXX_FEATURE:1cxx_lambda_init_captures
    Feature record: CXX_FEATURE:1cxx_local_type_template_args
    Feature record: CXX_FEATURE:1cxx_long_long_type
    Feature record: CXX_FEATURE:1cxx_noexcept
    Feature record: CXX_FEATURE:1cxx_nonstatic_member_init
    Feature record: CXX_FEATURE:1cxx_nullptr
    Feature record: CXX_FEATURE:1cxx_override
    Feature record: CXX_FEATURE:1cxx_range_for
    Feature record: CXX_FEATURE:1cxx_raw_string_literals
    Feature record: CXX_FEATURE:1cxx_reference_qualified_functions
    Feature record: CXX_FEATURE:1cxx_relaxed_constexpr
    Feature record: CXX_FEATURE:1cxx_return_type_deduction
    Feature record: CXX_FEATURE:1cxx_right_angle_brackets
    Feature record: CXX_FEATURE:1cxx_rvalue_references
    Feature record: CXX_FEATURE:1cxx_sizeof_member
    Feature record: CXX_FEATURE:1cxx_static_assert
    Feature record: CXX_FEATURE:1cxx_strong_enums
    Feature record: CXX_FEATURE:1cxx_template_template_parameters
    Feature record: CXX_FEATURE:1cxx_thread_local
    Feature record: CXX_FEATURE:1cxx_trailing_return_types
    Feature record: CXX_FEATURE:1cxx_unicode_literals
    Feature record: CXX_FEATURE:1cxx_uniform_initialization
    Feature record: CXX_FEATURE:1cxx_unrestricted_unions
    Feature record: CXX_FEATURE:1cxx_user_literals
    Feature record: CXX_FEATURE:1cxx_variable_templates
    Feature record: CXX_FEATURE:1cxx_variadic_macros
    Feature record: CXX_FEATURE:1cxx_variadic_templates


Detecting CXX [-std=c++11] compiler features compiled with the following output:
Change Dir: /data/data/com.termux/files/home/xmrig/build/CMakeFiles/CMakeTmp

Run Build Command:"/data/data/com.termux/files/usr/bin/make" "cmTC_24002/fast"
/data/data/com.termux/files/usr/bin/make -f CMakeFiles/cmTC_24002.dir/build.make CMakeFiles/cmTC_24002.dir/build
make[1]: Entering directory '/data/data/com.termux/files/home/xmrig/build/CMakeFiles/CMakeTmp'
Building CXX object CMakeFiles/cmTC_24002.dir/feature_tests.cxx.o
/data/data/com.termux/files/usr/bin/c++    -std=c++11 -o CMakeFiles/cmTC_24002.dir/feature_tests.cxx.o -c /data/data/com.termux/files/home/xmrig/build/CMakeFiles/feature_tests.cxx
Linking CXX executable cmTC_24002
/data/data/com.termux/files/usr/bin/cmake -E cmake_link_script CMakeFiles/cmTC_24002.dir/link.txt --verbose=1
/data/data/com.termux/files/usr/bin/c++       -rdynamic CMakeFiles/cmTC_24002.dir/feature_tests.cxx.o  -o cmTC_24002 
make[1]: Leaving directory '/data/data/com.termux/files/home/xmrig/build/CMakeFiles/CMakeTmp'


    Feature record: CXX_FEATURE:0cxx_aggregate_default_initializers
    Feature record: CXX_FEATURE:1cxx_alias_templates
    Feature record: CXX_FEATURE:1cxx_alignas
    Feature record: CXX_FEATURE:1cxx_alignof
    Feature record: CXX_FEATURE:1cxx_attributes
    Feature record: CXX_FEATURE:0cxx_attribute_deprecated
    Feature record: CXX_FEATURE:1cxx_auto_type
    Feature record: CXX_FEATURE:0cxx_binary_literals
    Feature record: CXX_FEATURE:1cxx_constexpr
    Feature record: CXX_FEATURE:0cxx_contextual_conversions
    Feature record: CXX_FEATURE:1cxx_decltype
    Feature record: CXX_FEATURE:0cxx_decltype_auto
    Feature record: CXX_FEATURE:1cxx_decltype_incomplete_return_types
    Feature record: CXX_FEATURE:1cxx_default_function_template_args
    Feature record: CXX_FEATURE:1cxx_defaulted_functions
    Feature record: CXX_FEATURE:1cxx_defaulted_move_initializers
    Feature record: CXX_FEATURE:1cxx_delegating_constructors
    Feature record: CXX_FEATURE:1cxx_deleted_functions
    Feature record: CXX_FEATURE:0cxx_digit_separators
    Feature record: CXX_FEATURE:1cxx_enum_forward_declarations
    Feature record: CXX_FEATURE:1cxx_explicit_conversions
    Feature record: CXX_FEATURE:1cxx_extended_friend_declarations
    Feature record: CXX_FEATURE:1cxx_extern_templates
    Feature record: CXX_FEATURE:1cxx_final
    Feature record: CXX_FEATURE:1cxx_func_identifier
    Feature record: CXX_FEATURE:1cxx_generalized_initializers
    Feature record: CXX_FEATURE:0cxx_generic_lambdas
    Feature record: CXX_FEATURE:1cxx_inheriting_constructors
    Feature record: CXX_FEATURE:1cxx_inline_namespaces
    Feature record: CXX_FEATURE:1cxx_lambdas
    Feature record: CXX_FEATURE:0cxx_lambda_init_captures
    Feature record: CXX_FEATURE:1cxx_local_type_template_args
    Feature record: CXX_FEATURE:1cxx_long_long_type
    Feature record: CXX_FEATURE:1cxx_noexcept
    Feature record: CXX_FEATURE:1cxx_nonstatic_member_init
    Feature record: CXX_FEATURE:1cxx_nullptr
    Feature record: CXX_FEATURE:1cxx_override
    Feature record: CXX_FEATURE:1cxx_range_for
    Feature record: CXX_FEATURE:1cxx_raw_string_literals
    Feature record: CXX_FEATURE:1cxx_reference_qualified_functions
    Feature record: CXX_FEATURE:0cxx_relaxed_constexpr
    Feature record: CXX_FEATURE:0cxx_return_type_deduction
    Feature record: CXX_FEATURE:1cxx_right_angle_brackets
    Feature record: CXX_FEATURE:1cxx_rvalue_references
    Feature record: CXX_FEATURE:1cxx_sizeof_member
    Feature record: CXX_FEATURE:1cxx_static_assert
    Feature record: CXX_FEATURE:1cxx_strong_enums
    Feature record: CXX_FEATURE:1cxx_template_template_parameters
    Feature record: CXX_FEATURE:1cxx_thread_local
    Feature record: CXX_FEATURE:1cxx_trailing_return_types
    Feature record: CXX_FEATURE:1cxx_unicode_literals
    Feature record: CXX_FEATURE:1cxx_uniform_initialization
    Feature record: CXX_FEATURE:1cxx_unrestricted_unions
    Feature record: CXX_FEATURE:1cxx_user_literals
    Feature record: CXX_FEATURE:0cxx_variable_templates
    Feature record: CXX_FEATURE:1cxx_variadic_macros
    Feature record: CXX_FEATURE:1cxx_variadic_templates


Detecting CXX [-std=c++98] compiler features compiled with the following output:
Change Dir: /data/data/com.termux/files/home/xmrig/build/CMakeFiles/CMakeTmp

Run Build Command:"/data/data/com.termux/files/usr/bin/make" "cmTC_f3346/fast"
/data/data/com.termux/files/usr/bin/make -f CMakeFiles/cmTC_f3346.dir/build.make CMakeFiles/cmTC_f3346.dir/build
make[1]: Entering directory '/data/data/com.termux/files/home/xmrig/build/CMakeFiles/CMakeTmp'
Building CXX object CMakeFiles/cmTC_f3346.dir/feature_tests.cxx.o
/data/data/com.termux/files/usr/bin/c++    -std=c++98 -o CMakeFiles/cmTC_f3346.dir/feature_tests.cxx.o -c /data/data/com.termux/files/home/xmrig/build/CMakeFiles/feature_tests.cxx
Linking CXX executable cmTC_f3346
/data/data/com.termux/files/usr/bin/cmake -E cmake_link_script CMakeFiles/cmTC_f3346.dir/link.txt --verbose=1
/data/data/com.termux/files/usr/bin/c++       -rdynamic CMakeFiles/cmTC_f3346.dir/feature_tests.cxx.o  -o cmTC_f3346 
make[1]: Leaving directory '/data/data/com.termux/files/home/xmrig/build/CMakeFiles/CMakeTmp'


    Feature record: CXX_FEATURE:0cxx_aggregate_default_initializers
    Feature record: CXX_FEATURE:0cxx_alias_templates
    Feature record: CXX_FEATURE:0cxx_alignas
    Feature record: CXX_FEATURE:0cxx_alignof
    Feature record: CXX_FEATURE:0cxx_attributes
    Feature record: CXX_FEATURE:0cxx_attribute_deprecated
    Feature record: CXX_FEATURE:0cxx_auto_type
    Feature record: CXX_FEATURE:0cxx_binary_literals
    Feature record: CXX_FEATURE:0cxx_constexpr
    Feature record: CXX_FEATURE:0cxx_contextual_conversions
    Feature record: CXX_FEATURE:0cxx_decltype
    Feature record: CXX_FEATURE:0cxx_decltype_auto
    Feature record: CXX_FEATURE:0cxx_decltype_incomplete_return_types
    Feature record: CXX_FEATURE:0cxx_default_function_template_args
    Feature record: CXX_FEATURE:0cxx_defaulted_functions
    Feature record: CXX_FEATURE:0cxx_defaulted_move_initializers
    Feature record: CXX_FEATURE:0cxx_delegating_constructors
    Feature record: CXX_FEATURE:0cxx_deleted_functions
    Feature record: CXX_FEATURE:0cxx_digit_separators
    Feature record: CXX_FEATURE:0cxx_enum_forward_declarations
    Feature record: CXX_FEATURE:0cxx_explicit_conversions
    Feature record: CXX_FEATURE:0cxx_extended_friend_declarations
    Feature record: CXX_FEATURE:0cxx_extern_templates
    Feature record: CXX_FEATURE:0cxx_final
    Feature record: CXX_FEATURE:0cxx_func_identifier
    Feature record: CXX_FEATURE:0cxx_generalized_initializers
    Feature record: CXX_FEATURE:0cxx_generic_lambdas
    Feature record: CXX_FEATURE:0cxx_inheriting_constructors
    Feature record: CXX_FEATURE:0cxx_inline_namespaces
    Feature record: CXX_FEATURE:0cxx_lambdas
    Feature record: CXX_FEATURE:0cxx_lambda_init_captures
    Feature record: CXX_FEATURE:0cxx_local_type_template_args
    Feature record: CXX_FEATURE:0cxx_long_long_type
    Feature record: CXX_FEATURE:0cxx_noexcept
    Feature record: CXX_FEATURE:0cxx_nonstatic_member_init
    Feature record: CXX_FEATURE:0cxx_nullptr
    Feature record: CXX_FEATURE:0cxx_override
    Feature record: CXX_FEATURE:0cxx_range_for
    Feature record: CXX_FEATURE:0cxx_raw_string_literals
    Feature record: CXX_FEATURE:0cxx_reference_qualified_functions
    Feature record: CXX_FEATURE:0cxx_relaxed_constexpr
    Feature record: CXX_FEATURE:0cxx_return_type_deduction
    Feature record: CXX_FEATURE:0cxx_right_angle_brackets
    Feature record: CXX_FEATURE:0cxx_rvalue_references
    Feature record: CXX_FEATURE:0cxx_sizeof_member
    Feature record: CXX_FEATURE:0cxx_static_assert
    Feature record: CXX_FEATURE:0cxx_strong_enums
    Feature record: CXX_FEATURE:1cxx_template_template_parameters
    Feature record: CXX_FEATURE:0cxx_thread_local
    Feature record: CXX_FEATURE:0cxx_trailing_return_types
    Feature record: CXX_FEATURE:0cxx_unicode_literals
    Feature record: CXX_FEATURE:0cxx_uniform_initialization
    Feature record: CXX_FEATURE:0cxx_unrestricted_unions
    Feature record: CXX_FEATURE:0cxx_user_literals
    Feature record: CXX_FEATURE:0cxx_variable_templates
    Feature record: CXX_FEATURE:0cxx_variadic_macros
    Feature record: CXX_FEATURE:0cxx_variadic_templates
Determining if the include file syslog.h exists passed with the following output:
Change Dir: /data/data/com.termux/files/home/xmrig/build/CMakeFiles/CMakeTmp

Run Build Command:"/data/data/com.termux/files/usr/bin/make" "cmTC_1f1dc/fast"
/data/data/com.termux/files/usr/bin/make -f CMakeFiles/cmTC_1f1dc.dir/build.make CMakeFiles/cmTC_1f1dc.dir/build
make[1]: Entering directory '/data/data/com.termux/files/home/xmrig/build/CMakeFiles/CMakeTmp'
Building C object CMakeFiles/cmTC_1f1dc.dir/CheckIncludeFile.c.o
/data/data/com.termux/files/usr/bin/cc   -Wall -march=armv8-a+crypto    -o CMakeFiles/cmTC_1f1dc.dir/CheckIncludeFile.c.o   -c /data/data/com.termux/files/home/xmrig/build/CMakeFiles/CMakeTmp/CheckIncludeFile.c
Linking C executable cmTC_1f1dc
/data/data/com.termux/files/usr/bin/cmake -E cmake_link_script CMakeFiles/cmTC_1f1dc.dir/link.txt --verbose=1
/data/data/com.termux/files/usr/bin/cc  -Wall -march=armv8-a+crypto     -rdynamic CMakeFiles/cmTC_1f1dc.dir/CheckIncludeFile.c.o  -o cmTC_1f1dc 
make[1]: Leaving directory '/data/data/com.termux/files/home/xmrig/build/CMakeFiles/CMakeTmp'


